#
# There is insufficient memory for the Java Runtime Environment to continue.
# Native memory allocation (malloc) failed to allocate 32744 bytes for ChunkPool::allocate
# Possible reasons:
#   The system is out of physical RAM or swap space
#   The process is running with CompressedOops enabled, and the Java Heap may be blocking the growth of the native heap
# Possible solutions:
#   Reduce memory load on the system
#   Increase physical memory or swap space
#   Check if swap backing store is full
#   Decrease Java heap size (-Xmx/-Xms)
#   Decrease number of Java threads
#   Decrease Java thread stack sizes (-Xss)
#   Set larger code cache with -XX:ReservedCodeCacheSize=
#   JVM is running with Zero Based Compressed Oops mode in which the Java heap is
#     placed in the first 32GB address space. The Java Heap base address is the
#     maximum limit for the native heap growth. Please use -XX:HeapBaseMinAddress
#     to set the Java Heap base and to place the Java Heap above 32GB virtual address.
# This output file may be truncated or incomplete.
#
#  Out of Memory Error (allocation.cpp:272), pid=12600, tid=0x00000000000020fc
#
# JRE version: Java(TM) SE Runtime Environment (8.0_281-b09) (build 1.8.0_281-b09)
# Java VM: Java HotSpot(TM) 64-Bit Server VM (25.281-b09 mixed mode windows-amd64 compressed oops)
# Failed to write core dump. Minidumps are not enabled by default on client versions of Windows
#

---------------  T H R E A D  ---------------

Current thread (0x000002c953349000):  JavaThread "C1 CompilerThread8" daemon [_thread_in_vm, id=8444, stack(0x000000e332400000,0x000000e332500000)]

Stack: [0x000000e332400000,0x000000e332500000]
Native frames: (J=compiled Java code, j=interpreted, Vv=VM code, C=native code)
V  [jvm.dll+0x32e5b9]
V  [jvm.dll+0x275012]
V  [jvm.dll+0x275cbd]
V  [jvm.dll+0x26c6f5]
V  [jvm.dll+0xd569d]
V  [jvm.dll+0xd59fc]
V  [jvm.dll+0x26e425]
V  [jvm.dll+0x4789c]
V  [jvm.dll+0x33b54]
V  [jvm.dll+0xabdaa]
V  [jvm.dll+0xaa4fb]
V  [jvm.dll+0x23d6b2]
V  [jvm.dll+0x291cbc]
C  [ucrtbase.dll+0x21bb2]


Current CompileTask:
C1:   6780 1913       1       org.springframework.asm.Label::<init> (5 bytes)


---------------  P R O C E S S  ---------------

Java Threads: ( => current thread )
  0x000002c954622000 JavaThread "Keep-Alive-Timer" daemon [_thread_blocked, id=5204, stack(0x000000e333300000,0x000000e333400000)]
  0x000002c95458f000 JavaThread "com.alibaba.nacos.client.Worker.fixed-localhost_8848-bd28d33b-bc04-469d-902b-4ae5afb5ab68" daemon [_thread_blocked, id=13700, stack(0x000000e333100000,0x000000e333200000)]
  0x000002c954585800 JavaThread "Timer-0" daemon [_thread_blocked, id=17332, stack(0x000000e333000000,0x000000e333100000)]
  0x000002c954553000 JavaThread "logback-1" daemon [_thread_blocked, id=10808, stack(0x000000e332f00000,0x000000e333000000)]
  0x000002c954273000 JavaThread "spring.cloud.inetutils" daemon [_thread_in_native, id=8696, stack(0x000000e332e00000,0x000000e332f00000)]
  0x000002c95421e800 JavaThread "spring.cloud.inetutils" daemon [_thread_in_native, id=5264, stack(0x000000e332d00000,0x000000e332e00000)]
  0x000002c95420a800 JavaThread "RMI Scheduler(0)" daemon [_thread_blocked, id=14880, stack(0x000000e332c00000,0x000000e332d00000)]
  0x000002c953be9800 JavaThread "RMI TCP Connection(1)-169.254.80.52" daemon [_thread_in_native, id=10844, stack(0x000000e332b00000,0x000000e332c00000)]
  0x000002c953651000 JavaThread "RMI TCP Accept-0" daemon [_thread_in_native, id=14620, stack(0x000000e332900000,0x000000e332a00000)]
  0x000002c953396000 JavaThread "Service Thread" daemon [_thread_blocked, id=5416, stack(0x000000e332800000,0x000000e332900000)]
  0x000002c953344800 JavaThread "C1 CompilerThread11" daemon [_thread_blocked, id=9516, stack(0x000000e332700000,0x000000e332800000)]
  0x000002c953346000 JavaThread "C1 CompilerThread10" daemon [_thread_blocked, id=12300, stack(0x000000e332600000,0x000000e332700000)]
  0x000002c953343000 JavaThread "C1 CompilerThread9" daemon [_thread_in_native, id=9476, stack(0x000000e332500000,0x000000e332600000)]
=>0x000002c953349000 JavaThread "C1 CompilerThread8" daemon [_thread_in_vm, id=8444, stack(0x000000e332400000,0x000000e332500000)]
  0x000002c953345800 JavaThread "C2 CompilerThread7" daemon [_thread_blocked, id=11468, stack(0x000000e332300000,0x000000e332400000)]
  0x000002c953344000 JavaThread "C2 CompilerThread6" daemon [_thread_blocked, id=7684, stack(0x000000e332200000,0x000000e332300000)]
  0x000002c95334a000 JavaThread "C2 CompilerThread5" daemon [_thread_blocked, id=14456, stack(0x000000e332100000,0x000000e332200000)]
  0x000002c953328000 JavaThread "C2 CompilerThread4" daemon [_thread_blocked, id=5720, stack(0x000000e332000000,0x000000e332100000)]
  0x000002c9532cb000 JavaThread "C2 CompilerThread3" daemon [_thread_blocked, id=11328, stack(0x000000e331f00000,0x000000e332000000)]
  0x000002c9532bd800 JavaThread "C2 CompilerThread2" daemon [_thread_blocked, id=6852, stack(0x000000e331e00000,0x000000e331f00000)]
  0x000002c9532ba800 JavaThread "C2 CompilerThread1" daemon [_thread_blocked, id=16356, stack(0x000000e331d00000,0x000000e331e00000)]
  0x000002c9532ba000 JavaThread "C2 CompilerThread0" daemon [_thread_blocked, id=15920, stack(0x000000e331c00000,0x000000e331d00000)]
  0x000002c9532b2800 JavaThread "Monitor Ctrl-Break" daemon [_thread_in_native, id=11300, stack(0x000000e331b00000,0x000000e331c00000)]
  0x000002c951c7c800 JavaThread "Attach Listener" daemon [_thread_blocked, id=15788, stack(0x000000e331a00000,0x000000e331b00000)]
  0x000002c951c7c000 JavaThread "Signal Dispatcher" daemon [_thread_blocked, id=10988, stack(0x000000e331900000,0x000000e331a00000)]
  0x000002c93558b800 JavaThread "Finalizer" daemon [_thread_blocked, id=5060, stack(0x000000e331800000,0x000000e331900000)]
  0x000002c951c52000 JavaThread "Reference Handler" daemon [_thread_blocked, id=4452, stack(0x000000e331700000,0x000000e331800000)]
  0x000002c9354f3800 JavaThread "main" [_thread_in_Java, id=10740, stack(0x000000e330800000,0x000000e330900000)]

Other Threads:
  0x000002c951c31800 VMThread [stack: 0x000000e331600000,0x000000e331700000] [id=1196]
  0x000002c953669800 WatcherThread [stack: 0x000000e332a00000,0x000000e332b00000] [id=14652]

VM state:not at safepoint (normal execution)

VM Mutex/Monitor currently owned by a thread: None

heap address: 0x00000006ca000000, size: 3936 MB, Compressed Oops mode: Zero based, Oop shift amount: 3
Narrow klass base: 0x0000000000000000, Narrow klass shift: 3
Compressed class space size: 1073741824 Address: 0x00000007c0000000

Heap:
 PSYoungGen      total 130560K, used 19672K [0x000000076e000000, 0x0000000776b00000, 0x00000007c0000000)
  eden space 121856K, 16% used [0x000000076e000000,0x000000076f336030,0x0000000775700000)
  from space 8704K, 0% used [0x0000000776280000,0x0000000776280000,0x0000000776b00000)
  to   space 10240K, 0% used [0x0000000775700000,0x0000000775700000,0x0000000776100000)
 ParOldGen       total 82432K, used 10762K [0x00000006ca000000, 0x00000006cf080000, 0x000000076e000000)
  object space 82432K, 13% used [0x00000006ca000000,0x00000006caa82828,0x00000006cf080000)
 Metaspace       used 25747K, capacity 26818K, committed 27136K, reserved 1075200K
  class space    used 3429K, capacity 3685K, committed 3840K, reserved 1048576K

Card table byte_map: [0x000002c9462a0000,0x000002c946a60000] byte_map_base: 0x000002c942c50000

Marking Bits: (ParMarkBitMap*) 0x0000000053fc6ff0
 Begin Bits: [0x000002c946f80000, 0x000002c94ad00000)
 End Bits:   [0x000002c94ad00000, 0x000002c94ea80000)

Polling page: 0x000002c935660000

CodeCache: size=245760Kb used=5885Kb max_used=5885Kb free=239874Kb
 bounds [0x000002c936ee0000, 0x000002c9374a0000, 0x000002c945ee0000]
 total_blobs=2343 nmethods=1907 adapters=343
 compilation: disabled (not enough contiguous free space left)

Compilation events (10 events):
Event: 6.765 Thread 0x000002c953346000 nmethod 1907 0x000002c93747d5d0 code [0x000002c93747d760, 0x000002c93747d950]
Event: 6.765 Thread 0x000002c953349000 nmethod 1908 0x000002c93747da50 code [0x000002c93747dc20, 0x000002c93747df20]
Event: 6.765 Thread 0x000002c953349000 1909       1       org.springframework.core.annotation.AnnotationUtils$$Lambda$146/201576232::<init> (32 bytes)
Event: 6.765 Thread 0x000002c953349000 nmethod 1909 0x000002c93747e110 code [0x000002c93747e260, 0x000002c93747e3d8]
Event: 6.765 Thread 0x000002c953343000 nmethod 1906 0x000002c93747e450 code [0x000002c93747e680, 0x000002c93747ec90]
Event: 6.765 Thread 0x000002c953343000 1910       1       sun.reflect.ClassFileAssembler::opc_athrow (12 bytes)
Event: 6.765 Thread 0x000002c953343000 nmethod 1910 0x000002c93747f390 code [0x000002c93747f500, 0x000002c93747f6b0]
Event: 6.766 Thread 0x000002c953346000 1911       1       java.util.LinkedList::add (7 bytes)
Event: 6.766 Thread 0x000002c953349000 1913       1       org.springframework.asm.Label::<init> (5 bytes)
Event: 6.766 Thread 0x000002c953346000 nmethod 1911 0x000002c93747fb90 code [0x000002c93747fce0, 0x000002c93747fe10]

GC Heap History (10 events):
Event: 3.978 GC heap before
{Heap before GC invocations=5 (full 1):
 PSYoungGen      total 73728K, used 67058K [0x000000076e000000, 0x0000000776c80000, 0x00000007c0000000)
  eden space 63488K, 100% used [0x000000076e000000,0x0000000771e00000,0x0000000771e00000)
  from space 10240K, 34% used [0x0000000771e00000,0x000000077217c960,0x0000000772800000)
  to   space 10240K, 0% used [0x0000000776280000,0x0000000776280000,0x0000000776c80000)
 ParOldGen       total 70144K, used 3429K [0x00000006ca000000, 0x00000006ce480000, 0x000000076e000000)
  object space 70144K, 4% used [0x00000006ca000000,0x00000006ca3597a8,0x00000006ce480000)
 Metaspace       used 19648K, capacity 20232K, committed 20480K, reserved 1069056K
  class space    used 2565K, capacity 2746K, committed 2816K, reserved 1048576K
Event: 3.981 GC heap after
Heap after GC invocations=5 (full 1):
 PSYoungGen      total 130560K, used 5567K [0x000000076e000000, 0x0000000776b00000, 0x00000007c0000000)
  eden space 121856K, 0% used [0x000000076e000000,0x000000076e000000,0x0000000775700000)
  from space 8704K, 63% used [0x0000000776280000,0x00000007767efef8,0x0000000776b00000)
  to   space 10240K, 0% used [0x0000000775700000,0x0000000775700000,0x0000000776100000)
 ParOldGen       total 70144K, used 3429K [0x00000006ca000000, 0x00000006ce480000, 0x000000076e000000)
  object space 70144K, 4% used [0x00000006ca000000,0x00000006ca3597a8,0x00000006ce480000)
 Metaspace       used 19648K, capacity 20232K, committed 20480K, reserved 1069056K
  class space    used 2565K, capacity 2746K, committed 2816K, reserved 1048576K
}
Event: 4.056 GC heap before
{Heap before GC invocations=6 (full 1):
 PSYoungGen      total 130560K, used 20672K [0x000000076e000000, 0x0000000776b00000, 0x00000007c0000000)
  eden space 121856K, 12% used [0x000000076e000000,0x000000076eec0210,0x0000000775700000)
  from space 8704K, 63% used [0x0000000776280000,0x00000007767efef8,0x0000000776b00000)
  to   space 10240K, 0% used [0x0000000775700000,0x0000000775700000,0x0000000776100000)
 ParOldGen       total 70144K, used 3429K [0x00000006ca000000, 0x00000006ce480000, 0x000000076e000000)
  object space 70144K, 4% used [0x00000006ca000000,0x00000006ca3597a8,0x00000006ce480000)
 Metaspace       used 20564K, capacity 21228K, committed 21296K, reserved 1069056K
  class space    used 2691K, capacity 2896K, committed 2944K, reserved 1048576K
Event: 4.059 GC heap after
Heap after GC invocations=6 (full 1):
 PSYoungGen      total 132096K, used 3717K [0x000000076e000000, 0x0000000776b00000, 0x00000007c0000000)
  eden space 121856K, 0% used [0x000000076e000000,0x000000076e000000,0x0000000775700000)
  from space 10240K, 36% used [0x0000000775700000,0x0000000775aa16c8,0x0000000776100000)
  to   space 8704K, 0% used [0x0000000776280000,0x0000000776280000,0x0000000776b00000)
 ParOldGen       total 70144K, used 3429K [0x00000006ca000000, 0x00000006ce480000, 0x000000076e000000)
  object space 70144K, 4% used [0x00000006ca000000,0x00000006ca3597a8,0x00000006ce480000)
 Metaspace       used 20564K, capacity 21228K, committed 21296K, reserved 1069056K
  class space    used 2691K, capacity 2896K, committed 2944K, reserved 1048576K
}
Event: 4.059 GC heap before
{Heap before GC invocations=7 (full 2):
 PSYoungGen      total 132096K, used 3717K [0x000000076e000000, 0x0000000776b00000, 0x00000007c0000000)
  eden space 121856K, 0% used [0x000000076e000000,0x000000076e000000,0x0000000775700000)
  from space 10240K, 36% used [0x0000000775700000,0x0000000775aa16c8,0x0000000776100000)
  to   space 8704K, 0% used [0x0000000776280000,0x0000000776280000,0x0000000776b00000)
 ParOldGen       total 70144K, used 3429K [0x00000006ca000000, 0x00000006ce480000, 0x000000076e000000)
  object space 70144K, 4% used [0x00000006ca000000,0x00000006ca3597a8,0x00000006ce480000)
 Metaspace       used 20564K, capacity 21228K, committed 21296K, reserved 1069056K
  class space    used 2691K, capacity 2896K, committed 2944K, reserved 1048576K
Event: 4.091 GC heap after
Heap after GC invocations=7 (full 2):
 PSYoungGen      total 132096K, used 0K [0x000000076e000000, 0x0000000776b00000, 0x00000007c0000000)
  eden space 121856K, 0% used [0x000000076e000000,0x000000076e000000,0x0000000775700000)
  from space 10240K, 0% used [0x0000000775700000,0x0000000775700000,0x0000000776100000)
  to   space 8704K, 0% used [0x0000000776280000,0x0000000776280000,0x0000000776b00000)
 ParOldGen       total 82432K, used 6675K [0x00000006ca000000, 0x00000006cf080000, 0x000000076e000000)
  object space 82432K, 8% used [0x00000006ca000000,0x00000006ca684ee8,0x00000006cf080000)
 Metaspace       used 20564K, capacity 21228K, committed 21296K, reserved 1069056K
  class space    used 2691K, capacity 2896K, committed 2944K, reserved 1048576K
}
Event: 6.633 GC heap before
{Heap before GC invocations=8 (full 2):
 PSYoungGen      total 132096K, used 97780K [0x000000076e000000, 0x0000000776b00000, 0x00000007c0000000)
  eden space 121856K, 80% used [0x000000076e000000,0x0000000773f7d0d8,0x0000000775700000)
  from space 10240K, 0% used [0x0000000775700000,0x0000000775700000,0x0000000776100000)
  to   space 8704K, 0% used [0x0000000776280000,0x0000000776280000,0x0000000776b00000)
 ParOldGen       total 82432K, used 6675K [0x00000006ca000000, 0x00000006cf080000, 0x000000076e000000)
  object space 82432K, 8% used [0x00000006ca000000,0x00000006ca684ee8,0x00000006cf080000)
 Metaspace       used 25137K, capacity 25990K, committed 26112K, reserved 1077248K
  class space    used 3321K, capacity 3523K, committed 3584K, reserved 1048576K
Event: 6.636 GC heap after
Heap after GC invocations=8 (full 2):
 PSYoungGen      total 130560K, used 5685K [0x000000076e000000, 0x0000000776b00000, 0x00000007c0000000)
  eden space 121856K, 0% used [0x000000076e000000,0x000000076e000000,0x0000000775700000)
  from space 8704K, 65% used [0x0000000776280000,0x000000077680d4b0,0x0000000776b00000)
  to   space 10240K, 0% used [0x0000000775700000,0x0000000775700000,0x0000000776100000)
 ParOldGen       total 82432K, used 6683K [0x00000006ca000000, 0x00000006cf080000, 0x000000076e000000)
  object space 82432K, 8% used [0x00000006ca000000,0x00000006ca686ee8,0x00000006cf080000)
 Metaspace       used 25137K, capacity 25990K, committed 26112K, reserved 1077248K
  class space    used 3321K, capacity 3523K, committed 3584K, reserved 1048576K
}
Event: 6.636 GC heap before
{Heap before GC invocations=9 (full 3):
 PSYoungGen      total 130560K, used 5685K [0x000000076e000000, 0x0000000776b00000, 0x00000007c0000000)
  eden space 121856K, 0% used [0x000000076e000000,0x000000076e000000,0x0000000775700000)
  from space 8704K, 65% used [0x0000000776280000,0x000000077680d4b0,0x0000000776b00000)
  to   space 10240K, 0% used [0x0000000775700000,0x0000000775700000,0x0000000776100000)
 ParOldGen       total 82432K, used 6683K [0x00000006ca000000, 0x00000006cf080000, 0x000000076e000000)
  object space 82432K, 8% used [0x00000006ca000000,0x00000006ca686ee8,0x00000006cf080000)
 Metaspace       used 25137K, capacity 25990K, committed 26112K, reserved 1077248K
  class space    used 3321K, capacity 3523K, committed 3584K, reserved 1048576K
Event: 6.682 GC heap after
Heap after GC invocations=9 (full 3):
 PSYoungGen      total 130560K, used 0K [0x000000076e000000, 0x0000000776b00000, 0x00000007c0000000)
  eden space 121856K, 0% used [0x000000076e000000,0x000000076e000000,0x0000000775700000)
  from space 8704K, 0% used [0x0000000776280000,0x0000000776280000,0x0000000776b00000)
  to   space 10240K, 0% used [0x0000000775700000,0x0000000775700000,0x0000000776100000)
 ParOldGen       total 82432K, used 10762K [0x00000006ca000000, 0x00000006cf080000, 0x000000076e000000)
  object space 82432K, 13% used [0x00000006ca000000,0x00000006caa82828,0x00000006cf080000)
 Metaspace       used 25137K, capacity 25990K, committed 26112K, reserved 1075200K
  class space    used 3321K, capacity 3523K, committed 3584K, reserved 1048576K
}

Deoptimization events (0 events):
No events

Classes redefined (0 events):
No events

Internal exceptions (10 events):
Event: 6.723 Thread 0x000002c9354f3800 Exception <a 'java/lang/ClassNotFoundException': org/springframework/beans/factory/config/BeanFactoryPostProcessorCustomizer> (0x000000076ea44868) thrown at [C:\jenkins\workspace\8-2-build-windows-amd64-cygwin\jdk8u281\880\hotspot\src\share\vm\classfile\s
Event: 6.724 Thread 0x000002c9354f3800 Exception <a 'java/lang/ClassNotFoundException': org/springframework/core/PriorityOrderedCustomizer> (0x000000076ea6d510) thrown at [C:\jenkins\workspace\8-2-build-windows-amd64-cygwin\jdk8u281\880\hotspot\src\share\vm\classfile\systemDictionary.cpp, line
Event: 6.724 Thread 0x000002c9354f3800 Exception <a 'java/lang/ClassNotFoundException': org/springframework/core/OrderedCustomizer> (0x000000076ea91210) thrown at [C:\jenkins\workspace\8-2-build-windows-amd64-cygwin\jdk8u281\880\hotspot\src\share\vm\classfile\systemDictionary.cpp, line 212]
Event: 6.724 Thread 0x000002c9354f3800 Exception <a 'java/lang/ClassNotFoundException': org/springframework/context/ResourceLoaderAwareCustomizer> (0x000000076eabde58) thrown at [C:\jenkins\workspace\8-2-build-windows-amd64-cygwin\jdk8u281\880\hotspot\src\share\vm\classfile\systemDictionary.cp
Event: 6.725 Thread 0x000002c9354f3800 Exception <a 'java/lang/ClassNotFoundException': org/springframework/beans/factory/AwareCustomizer> (0x000000076eae6dd0) thrown at [C:\jenkins\workspace\8-2-build-windows-amd64-cygwin\jdk8u281\880\hotspot\src\share\vm\classfile\systemDictionary.cpp, line 
Event: 6.725 Thread 0x000002c9354f3800 Exception <a 'java/lang/ClassNotFoundException': org/springframework/beans/factory/BeanClassLoaderAwareCustomizer> (0x000000076eb16e18) thrown at [C:\jenkins\workspace\8-2-build-windows-amd64-cygwin\jdk8u281\880\hotspot\src\share\vm\classfile\systemDictio
Event: 6.726 Thread 0x000002c9354f3800 Exception <a 'java/lang/ClassNotFoundException': org/springframework/beans/factory/AwareCustomizer> (0x000000076eb3fe60) thrown at [C:\jenkins\workspace\8-2-build-windows-amd64-cygwin\jdk8u281\880\hotspot\src\share\vm\classfile\systemDictionary.cpp, line 
Event: 6.726 Thread 0x000002c9354f3800 Exception <a 'java/lang/ClassNotFoundException': org/springframework/context/EnvironmentAwareCustomizer> (0x000000076eb6a710) thrown at [C:\jenkins\workspace\8-2-build-windows-amd64-cygwin\jdk8u281\880\hotspot\src\share\vm\classfile\systemDictionary.cpp, 
Event: 6.726 Thread 0x000002c9354f3800 Exception <a 'java/lang/ClassNotFoundException': org/springframework/beans/factory/AwareCustomizer> (0x000000076eb93638) thrown at [C:\jenkins\workspace\8-2-build-windows-amd64-cygwin\jdk8u281\880\hotspot\src\share\vm\classfile\systemDictionary.cpp, line 
Event: 6.731 Thread 0x000002c9354f3800 Exception <a 'java/lang/NoSuchMethodError': java.lang.Object.lambda$comparing$77a9974f$1(Ljava/util/function/Function;Ljava/lang/Object;Ljava/lang/Object;)I> (0x000000076ec012b8) thrown at [C:\jenkins\workspace\8-2-build-windows-amd64-cygwin\jdk8u281\880\

Events (10 events):
Event: 6.751 loading class org/springframework/web/bind/annotation/RequestMapping
Event: 6.751 loading class org/springframework/web/bind/annotation/RequestMapping done
Event: 6.752 loading class org/springframework/web/bind/annotation/RequestMethod
Event: 6.752 loading class org/springframework/web/bind/annotation/RequestMethod done
Event: 6.752 loading class org/springframework/web/bind/annotation/Mapping
Event: 6.752 loading class org/springframework/web/bind/annotation/Mapping done
Event: 6.755 loading class org/springframework/web/bind/annotation/PostMapping
Event: 6.755 loading class org/springframework/web/bind/annotation/PostMapping done
Event: 6.758 loading class org/springframework/web/bind/annotation/DeleteMapping
Event: 6.758 loading class org/springframework/web/bind/annotation/DeleteMapping done


Dynamic libraries:
0x00007ff6c44a0000 - 0x00007ff6c44e7000 	E:\Enviroment\jdk 1.8\bin\java.exe
0x00007ffd9a7f0000 - 0x00007ffd9a9e8000 	C:\Windows\SYSTEM32\ntdll.dll
0x00007ffd98d70000 - 0x00007ffd98e2d000 	C:\Windows\System32\KERNEL32.DLL
0x00007ffd981d0000 - 0x00007ffd9849e000 	C:\Windows\System32\KERNELBASE.dll
0x00007ffd98990000 - 0x00007ffd98a3e000 	C:\Windows\System32\ADVAPI32.dll
0x00007ffd99470000 - 0x00007ffd9950e000 	C:\Windows\System32\msvcrt.dll
0x00007ffd99df0000 - 0x00007ffd99e8c000 	C:\Windows\System32\sechost.dll
0x00007ffd99a90000 - 0x00007ffd99bb5000 	C:\Windows\System32\RPCRT4.dll
0x00007ffd99bc0000 - 0x00007ffd99d60000 	C:\Windows\System32\USER32.dll
0x00007ffd97f90000 - 0x00007ffd97fb2000 	C:\Windows\System32\win32u.dll
0x00007ffd99510000 - 0x00007ffd9953a000 	C:\Windows\System32\GDI32.dll
0x00007ffd980c0000 - 0x00007ffd981cb000 	C:\Windows\System32\gdi32full.dll
0x00007ffd984a0000 - 0x00007ffd9853d000 	C:\Windows\System32\msvcp_win.dll
0x00007ffd97fc0000 - 0x00007ffd980c0000 	C:\Windows\System32\ucrtbase.dll
0x00007ffd7ca70000 - 0x00007ffd7cd0a000 	C:\Windows\WinSxS\amd64_microsoft.windows.common-controls_6595b64144ccf1df_6.0.19041.1110_none_60b5254171f9507e\COMCTL32.dll
0x00007ffd99440000 - 0x00007ffd99470000 	C:\Windows\System32\IMM32.DLL
0x00007ffd928c0000 - 0x00007ffd928d5000 	E:\Enviroment\jdk 1.8\jre\bin\vcruntime140.dll
0x00007ffd81450000 - 0x00007ffd814eb000 	E:\Enviroment\jdk 1.8\jre\bin\msvcp140.dll
0x00000000537e0000 - 0x000000005403f000 	E:\Enviroment\jdk 1.8\jre\bin\server\jvm.dll
0x00007ffd99430000 - 0x00007ffd99438000 	C:\Windows\System32\PSAPI.DLL
0x00007ffd931e0000 - 0x00007ffd931ea000 	C:\Windows\SYSTEM32\VERSION.dll
0x00007ffd7db90000 - 0x00007ffd7db99000 	C:\Windows\SYSTEM32\WSOCK32.dll
0x00007ffd8d5d0000 - 0x00007ffd8d5f7000 	C:\Windows\SYSTEM32\WINMM.dll
0x00007ffd99d80000 - 0x00007ffd99deb000 	C:\Windows\System32\WS2_32.dll
0x00007ffd967a0000 - 0x00007ffd967b2000 	C:\Windows\SYSTEM32\kernel.appcore.dll
0x00007ffd92900000 - 0x00007ffd92910000 	E:\Enviroment\jdk 1.8\jre\bin\verify.dll
0x00007ffd8b0c0000 - 0x00007ffd8b0eb000 	E:\Enviroment\jdk 1.8\jre\bin\java.dll
0x00007ffd7cd30000 - 0x00007ffd7cd60000 	E:\Enviroment\jdk 1.8\jre\bin\instrument.dll
0x00007ffd928a0000 - 0x00007ffd928b8000 	E:\Enviroment\jdk 1.8\jre\bin\zip.dll
0x00007ffd99fb0000 - 0x00007ffd9a6f4000 	C:\Windows\System32\SHELL32.dll
0x00007ffd95ff0000 - 0x00007ffd96784000 	C:\Windows\SYSTEM32\windows.storage.dll
0x00007ffd990d0000 - 0x00007ffd99424000 	C:\Windows\System32\combase.dll
0x00007ffd97970000 - 0x00007ffd979a0000 	C:\Windows\SYSTEM32\Wldp.dll
0x00007ffd9a700000 - 0x00007ffd9a7ad000 	C:\Windows\System32\SHCORE.dll
0x00007ffd98a40000 - 0x00007ffd98a95000 	C:\Windows\System32\shlwapi.dll
0x00007ffd97e50000 - 0x00007ffd97e6f000 	C:\Windows\SYSTEM32\profapi.dll
0x00007ffd7e220000 - 0x00007ffd7e23a000 	E:\Program Files\JetBrains\IntelliJ IDEA 2021.3.3\bin\breakgen64.dll
0x00007ffd8b0a0000 - 0x00007ffd8b0bc000 	E:\Enviroment\jdk 1.8\jre\bin\net.dll
0x00007ffd976d0000 - 0x00007ffd9773a000 	C:\Windows\system32\mswsock.dll
0x00007ffd750f0000 - 0x00007ffd751fd000 	C:\Windows\SysWOW64\ierd_tgp_lsp64.dll
0x00007ffd98860000 - 0x00007ffd9898a000 	C:\Windows\System32\ole32.dll
0x00007ffd973b0000 - 0x00007ffd9747a000 	C:\Windows\SYSTEM32\DNSAPI.dll
0x00007ffd97370000 - 0x00007ffd973ab000 	C:\Windows\SYSTEM32\IPHLPAPI.DLL
0x00007ffd99ef0000 - 0x00007ffd99ef8000 	C:\Windows\System32\NSI.dll
0x0000000055010000 - 0x0000000055036000 	C:\Program Files\Bonjour\mdnsNSP.dll
0x00007ffd7dca0000 - 0x00007ffd7dcaa000 	C:\Windows\System32\rasadhlp.dll
0x00007ffd8fc50000 - 0x00007ffd8fcd0000 	C:\Windows\System32\fwpuclnt.dll
0x00007ffd97f10000 - 0x00007ffd97f37000 	C:\Windows\System32\bcrypt.dll
0x00007ffd80360000 - 0x00007ffd8036d000 	E:\Enviroment\jdk 1.8\jre\bin\management.dll
0x00007ffd8b080000 - 0x00007ffd8b093000 	E:\Enviroment\jdk 1.8\jre\bin\nio.dll
0x00007ffd978d0000 - 0x00007ffd978e8000 	C:\Windows\SYSTEM32\CRYPTSP.dll
0x00007ffd96fe0000 - 0x00007ffd97014000 	C:\Windows\system32\rsaenh.dll
0x00007ffd97dd0000 - 0x00007ffd97dfe000 	C:\Windows\SYSTEM32\USERENV.dll
0x00007ffd986a0000 - 0x00007ffd98722000 	C:\Windows\System32\bcryptprimitives.dll
0x00007ffd978c0000 - 0x00007ffd978cc000 	C:\Windows\SYSTEM32\CRYPTBASE.dll
0x00007ffd8c290000 - 0x00007ffd8c2a7000 	C:\Windows\SYSTEM32\dhcpcsvc6.DLL
0x00007ffd8c400000 - 0x00007ffd8c41d000 	C:\Windows\SYSTEM32\dhcpcsvc.DLL
0x00007ffd7b940000 - 0x00007ffd7b957000 	C:\Windows\system32\napinsp.dll
0x00007ffd7b920000 - 0x00007ffd7b93b000 	C:\Windows\system32\pnrpnsp.dll
0x00007ffd7b8e0000 - 0x00007ffd7b8f5000 	C:\Windows\system32\wshbth.dll
0x00007ffd94740000 - 0x00007ffd9475d000 	C:\Windows\system32\NLAapi.dll
0x00007ffd7b8c0000 - 0x00007ffd7b8d2000 	C:\Windows\System32\winrnr.dll
0x00007ffd95de0000 - 0x00007ffd95fc4000 	C:\Windows\SYSTEM32\dbghelp.dll

VM Arguments:
jvm_args: -XX:TieredStopAtLevel=1 -Xverify:none -Dspring.output.ansi.enabled=always -Dcom.sun.management.jmxremote -Dspring.jmx.enabled=true -Dspring.liveBeansView.mbeanDomain -Dspring.application.admin.enabled=true -javaagent:E:\Program Files\JetBrains\IntelliJ IDEA 2021.3.3\lib\idea_rt.jar=62439:E:\Program Files\JetBrains\IntelliJ IDEA 2021.3.3\bin -Dfile.encoding=UTF-8 
java_command: jdpu.auth.demo.AuthorityApplication
java_class_path (initial): E:\Enviroment\jdk 1.8\jre\lib\charsets.jar;E:\Enviroment\jdk 1.8\jre\lib\deploy.jar;E:\Enviroment\jdk 1.8\jre\lib\ext\access-bridge-64.jar;E:\Enviroment\jdk 1.8\jre\lib\ext\cldrdata.jar;E:\Enviroment\jdk 1.8\jre\lib\ext\dnsns.jar;E:\Enviroment\jdk 1.8\jre\lib\ext\jaccess.jar;E:\Enviroment\jdk 1.8\jre\lib\ext\jfxrt.jar;E:\Enviroment\jdk 1.8\jre\lib\ext\localedata.jar;E:\Enviroment\jdk 1.8\jre\lib\ext\nashorn.jar;E:\Enviroment\jdk 1.8\jre\lib\ext\sunec.jar;E:\Enviroment\jdk 1.8\jre\lib\ext\sunjce_provider.jar;E:\Enviroment\jdk 1.8\jre\lib\ext\sunmscapi.jar;E:\Enviroment\jdk 1.8\jre\lib\ext\sunpkcs11.jar;E:\Enviroment\jdk 1.8\jre\lib\ext\zipfs.jar;E:\Enviroment\jdk 1.8\jre\lib\javaws.jar;E:\Enviroment\jdk 1.8\jre\lib\jce.jar;E:\Enviroment\jdk 1.8\jre\lib\jfr.jar;E:\Enviroment\jdk 1.8\jre\lib\jfxswt.jar;E:\Enviroment\jdk 1.8\jre\lib\jsse.jar;E:\Enviroment\jdk 1.8\jre\lib\management-agent.jar;E:\Enviroment\jdk 1.8\jre\lib\plugin.jar;E:\Enviroment\jdk 1.8\jre\lib\resources.jar;E:\Enviroment\jdk 1.8\jre\lib\rt.jar;D:\Code\服创\项目2\项目源码\项目源码\backend\exam-authority\target\classes;D:\Code\服创\项目2\项目源码\项目源码\backend\common\target\classes;D:\Code\服创\项目2\项目源码\项目源码\backend\exam-common\target\classes;D:\DevEnv\repository\org\springframework\cloud\spring-cloud-starter-openfeign\2.1.3.RELEASE\spring-cloud-starter-openfeign-2.1.3.RELEASE.jar;D:\DevEnv\repository\org\springframework\cloud\spring-cloud-openfeign-core\2.1.3.RELEASE\spring-cloud-openfeign-core-2.1.3.RELEASE.jar;D:\DevEnv\repository\org\springframework\boot\spring-boot-starter-aop\2.1.8.RELEASE\spring-boot-starter-aop-2.1.8.RELEASE.jar;D:\DevEnv\repository\org\aspectj\aspectjweaver\1.9.4\aspectjweaver-1.9.4.jar;D:\DevEnv\repository\io\github\openfeign\form\feign-form-spring\3.8.0\feign-form-spring-3.8.0.jar;D:\DevEnv\repository\io\github\openfeign\form\feign-form\3.8.0\feign-form-3.8.0.jar;D:\DevEnv\repository\commons-fileupload\commons-fileupload\1.4\commons-fi
Launcher Type: SUN_STANDARD

Environment Variables:
JAVA_HOME=E:\Enviroment\jdk 1.8
PATH=E:\Program Files\VMware\VMware Workstation\bin\;C:\Program Files (x86)\Common Files\Oracle\Java\javapath;C:\Windows\system32;C:\Windows;C:\Windows\System32\Wbem;C:\Windows\System32\WindowsPowerShell\v1.0\;C:\Windows\System32\OpenSSH\;C:\Program Files (x86)\NVIDIA Corporation\PhysX\Common;E:\Enviroment\jdk 1.8\bin;E:\Enviroment\apache-maven-3.6.3\bin;E:\Enviroment\mysql-5.7.32-winx64\bin;C:\Program Files\Azure Data Studio\bin;E:\Enviroment\nodejs\;E:\Enviroment\apache-tomcat-9.0.24\bin;E:\Enviroment\apache-tomcat-9.0.24\lib;E:\Enviroment\TDM-GCC-64\bin;E:\Program Files\Git\bin;E:\Enviroment\hadoop-3.1.0\bin;E:\Program Files (x86)\NetSarang\Xshell 7\;E:\Program Files\微信web开发者工具\dll;E:\Program Files\Microsoft Network Monitor 3\;E:\Enviroment\Anaconda3;E:\Enviroment\Anaconda3\Scripts;E:\Enviroment\Anaconda3\Library\mingw-w64\bin;E:\Enviroment\Anaconda3\Library\usr\bin;E:\Enviroment\Anaconda3\Library\bin;E:\Enviroment\Android\SDK\platform-tools;E:\Enviroment\Android\.gradle;E:\Program Files\apache-jmeter-5.5;E:\Enviroment\Python38\Scripts\;E:\Enviroment\Python38\;C:\Users\25800\AppData\Local\Microsoft\WindowsApps;;E:\Program Files\IntelliJ IDEA 2020.2.3\bin;;E:\Program Files\Microsoft VS Code\bin;C:\Program Files\Azure Data Studio\bin;C:\Users\25800\AppData\Roaming\npm;E:\Program Files\WebStorm 2020.3.2\bin;;E:\Program Files\JetBrains\PyCharm 2021.2.1\bin;
USERNAME=25800
OS=Windows_NT
PROCESSOR_IDENTIFIER=AMD64 Family 23 Model 96 Stepping 1, AuthenticAMD



---------------  S Y S T E M  ---------------

OS: Windows 10.0 , 64 bit Build 19041 (10.0.19041.1889)

CPU:total 16 (initial active 16) (16 cores per cpu, 1 threads per core) family 23 model 96 stepping 1, cmov, cx8, fxsr, mmx, sse, sse2, sse3, ssse3, sse4.1, sse4.2, popcnt, avx, avx2, aes, clmul, mmxext, 3dnowpref, lzcnt, sse4a, tsc, tscinvbit, tscinv, bmi1

Memory: 4k page, physical 16119108k(7255536k free), swap 20313412k(2016k free)

vm_info: Java HotSpot(TM) 64-Bit Server VM (25.281-b09) for windows-amd64 JRE (1.8.0_281-b09), built on Dec  9 2020 13:54:07 by "" with MS VC++ 15.9 (VS2017)

time: Mon Aug 15 10:27:31 2022
timezone: 中国标准时间
elapsed time: 6.786984 seconds (0d 0h 0m 6s)

